{
  "stats": {
    "suites": 1,
    "tests": 1,
    "passes": 0,
    "pending": 0,
    "failures": 1,
    "start": "2022-12-13T02:18:38.564Z",
    "end": "2022-12-13T02:19:05.118Z",
    "duration": 26554,
    "testsRegistered": 1,
    "passPercent": 0,
    "pendingPercent": 0,
    "other": 0,
    "hasOther": false,
    "skipped": 0,
    "hasSkipped": false
  },
  "results": [
    {
      "uuid": "946c84d9-a900-4178-9f55-44d804284841",
      "title": "",
      "fullFile": "cypress/e2e/test_login.cy.js",
      "file": "cypress/e2e/test_login.cy.js",
      "beforeHooks": [],
      "afterHooks": [],
      "tests": [],
      "suites": [
        {
          "uuid": "260d4c33-de3a-4acc-988a-3a0f244ea480",
          "title": "Login",
          "fullFile": "",
          "file": "",
          "beforeHooks": [],
          "afterHooks": [],
          "tests": [
            {
              "title": "",
              "fullTitle": "Login ",
              "timedOut": null,
              "duration": 26456,
              "state": "failed",
              "speed": null,
              "pass": false,
              "fail": true,
              "pending": false,
              "context": null,
              "code": "cy.get('#mu-').type('Hello');",
              "err": {
                "message": "AssertionError: Timed out retrying after 25000ms: Expected to find element: `#mu-`, but never found it.",
                "estack": "AssertionError: Timed out retrying after 25000ms: Expected to find element: `#mu-`, but never found it.\n    at Context.eval (webpack:///./cypress/e2e/test_login.cy.js:10:7)",
                "diff": null
              },
              "uuid": "0b825c19-2ccb-4649-9942-4189c57da676",
              "parentUUID": "260d4c33-de3a-4acc-988a-3a0f244ea480",
              "isHook": false,
              "skipped": false
            }
          ],
          "suites": [],
          "passes": [],
          "failures": [
            "0b825c19-2ccb-4649-9942-4189c57da676"
          ],
          "pending": [],
          "skipped": [],
          "duration": 26456,
          "root": false,
          "rootEmpty": false,
          "_timeout": 2000
        }
      ],
      "passes": [],
      "failures": [],
      "pending": [],
      "skipped": [],
      "duration": 0,
      "root": true,
      "rootEmpty": true,
      "_timeout": 2000
    }
  ],
  "meta": {
    "mocha": {
      "version": "7.0.1"
    },
    "mochawesome": {
      "options": {
        "quiet": true,
        "reportFilename": "mochawesome",
        "saveHtml": false,
        "saveJson": true,
        "consoleReporter": "spec",
        "useInlineDiffs": false,
        "code": true
      },
      "version": "7.1.3"
    },
    "marge": {
      "options": {
        "id": "default",
        "reportDir": "mochawesome-report",
        "quiet": true,
        "overwrite": false,
        "html": false,
        "json": true
      },
      "version": "6.2.0"
    }
  }
}