{
  "stats": {
    "suites": 1,
    "tests": 1,
    "passes": 1,
    "pending": 0,
    "failures": 0,
    "start": "2022-12-13T01:24:38.239Z",
    "end": "2022-12-13T01:24:43.871Z",
    "duration": 5632,
    "testsRegistered": 1,
    "passPercent": 100,
    "pendingPercent": 0,
    "other": 0,
    "hasOther": false,
    "skipped": 0,
    "hasSkipped": false
  },
  "results": [
    {
      "uuid": "bb7c12e3-8830-4a74-88e9-1fe3dcdf7a4f",
      "title": "",
      "fullFile": "cypress/e2e/test_login.cy.js",
      "file": "cypress/e2e/test_login.cy.js",
      "beforeHooks": [],
      "afterHooks": [],
      "tests": [],
      "suites": [
        {
          "uuid": "0981a9f9-40d2-4d2b-b7a4-fa5b15ae3857",
          "title": "Login",
          "fullFile": "",
          "file": "",
          "beforeHooks": [],
          "afterHooks": [],
          "tests": [
            {
              "title": "",
              "fullTitle": "Login ",
              "timedOut": null,
              "duration": 5608,
              "state": "passed",
              "speed": "medium",
              "pass": true,
              "fail": false,
              "pending": false,
              "context": null,
              "code": "cy.get('#mui-2').type('Hello');",
              "err": {},
              "uuid": "a0f2c46b-fced-41ab-bbe6-bbd1696f88ee",
              "parentUUID": "0981a9f9-40d2-4d2b-b7a4-fa5b15ae3857",
              "isHook": false,
              "skipped": false
            }
          ],
          "suites": [],
          "passes": [
            "a0f2c46b-fced-41ab-bbe6-bbd1696f88ee"
          ],
          "failures": [],
          "pending": [],
          "skipped": [],
          "duration": 5608,
          "root": false,
          "rootEmpty": false,
          "_timeout": 2000
        }
      ],
      "passes": [],
      "failures": [],
      "pending": [],
      "skipped": [],
      "duration": 0,
      "root": true,
      "rootEmpty": true,
      "_timeout": 2000
    }
  ],
  "meta": {
    "mocha": {
      "version": "7.0.1"
    },
    "mochawesome": {
      "options": {
        "quiet": true,
        "reportFilename": "mochawesome",
        "saveHtml": false,
        "saveJson": true,
        "consoleReporter": "spec",
        "useInlineDiffs": false,
        "code": true
      },
      "version": "7.1.3"
    },
    "marge": {
      "options": {
        "id": "default",
        "reportDir": "mochawesome-report",
        "quiet": true,
        "overwrite": false,
        "html": false,
        "json": true
      },
      "version": "6.2.0"
    }
  }
}